<?xml version="1.0" encoding="UTF-8"?>
<!-- Generated by org.testng.reporters.JUnitReportReporter -->
<testsuite hostname="DESKTOP-1KUDHBV" failures="0" tests="1" name="tests.Tests" time="15.924" errors="0" timestamp="2022-08-04T23:58:49 ART" skipped="0">
  <testcase classname="tests.Tests" name="pruebaUno" time="15.924"/>
  <system-out/>
</testsuite> <!-- tests.Tests -->
